2014-08-19 18:45:28.002 NiceWeather[20613:70b] Multi-tasking -> Device: YES, App: YES
2014-08-19 18:45:28.042 NiceWeather[20613:70b] Unlimited access to network resources
2014-08-19 18:45:28.045 NiceWeather[20613:70b] 

Started backup to iCloud! Please be careful.
Your application might rejected by Apple if you store too much data.
For more information please read "iOS Data Storage Guidelines"
You could find it at the following address https://developer.apple.com/icloud/documentation/data-storage/ .

2014-08-19 18:45:28.443 NiceWeather[20613:70b] Resetting plugins due to page load.
2014-08-19 18:45:28.522 NiceWeather[20613:70b] Finished load of: file:///Users/alexandernielsen/Library/Application%20Support/iPhone%20Simulator/7.1/Applications/D8E5B9A1-932B-4B9E-B59B-9FD3EA5ECE0F/NiceWeather.app/www/index.html
2014-08-19 18:46:18.564 NiceWeather[20613:70b] Received memory warning.
2014-08-19 18:46:35.320 NiceWeather[20791:70b] Multi-tasking -> Device: YES, App: YES
2014-08-19 18:46:35.329 NiceWeather[20791:70b] Unlimited access to network resources
2014-08-19 18:46:35.332 NiceWeather[20791:70b] 

Started backup to iCloud! Please be careful.
Your application might rejected by Apple if you store too much data.
For more information please read "iOS Data Storage Guidelines"
You could find it at the following address https://developer.apple.com/icloud/documentation/data-storage/ .

2014-08-19 18:46:35.473 NiceWeather[20791:70b] Resetting plugins due to page load.
2014-08-19 18:46:35.516 NiceWeather[20791:70b] Finished load of: file:///Users/alexandernielsen/Library/Application%20Support/iPhone%20Simulator/7.1/Applications/D8E5B9A1-932B-4B9E-B59B-9FD3EA5ECE0F/NiceWeather.app/www/index.html
2014-08-19 18:48:16.716 NiceWeather[20918:70b] Multi-tasking -> Device: YES, App: YES
2014-08-19 18:48:16.722 NiceWeather[20918:70b] Unlimited access to network resources
2014-08-19 18:48:16.724 NiceWeather[20918:70b] 

Started backup to iCloud! Please be careful.
Your application might rejected by Apple if you store too much data.
For more information please read "iOS Data Storage Guidelines"
You could find it at the following address https://developer.apple.com/icloud/documentation/data-storage/ .

2014-08-19 18:48:16.770 NiceWeather[20918:70b] Resetting plugins due to page load.
2014-08-19 18:48:16.807 NiceWeather[20918:70b] Finished load of: file:///Users/alexandernielsen/Library/Application%20Support/iPhone%20Simulator/7.1/Applications/D8E5B9A1-932B-4B9E-B59B-9FD3EA5ECE0F/NiceWeather.app/www/index.html
2014-08-19 18:49:00.933 NiceWeather[21060:70b] Multi-tasking -> Device: YES, App: YES
2014-08-19 18:49:00.942 NiceWeather[21060:70b] Unlimited access to network resources
2014-08-19 18:49:00.945 NiceWeather[21060:70b] 

Started backup to iCloud! Please be careful.
Your application might rejected by Apple if you store too much data.
For more information please read "iOS Data Storage Guidelines"
You could find it at the following address https://developer.apple.com/icloud/documentation/data-storage/ .

2014-08-19 18:49:01.076 NiceWeather[21060:70b] Resetting plugins due to page load.
2014-08-19 18:49:01.115 NiceWeather[21060:70b] Finished load of: file:///Users/alexandernielsen/Library/Application%20Support/iPhone%20Simulator/7.1/Applications/D8E5B9A1-932B-4B9E-B59B-9FD3EA5ECE0F/NiceWeather.app/www/index.html
2014-08-19 18:49:58.156 NiceWeather[21207:70b] Multi-tasking -> Device: YES, App: YES
2014-08-19 18:49:58.165 NiceWeather[21207:70b] Unlimited access to network resources
2014-08-19 18:49:58.168 NiceWeather[21207:70b] 

Started backup to iCloud! Please be careful.
Your application might rejected by Apple if you store too much data.
For more information please read "iOS Data Storage Guidelines"
You could find it at the following address https://developer.apple.com/icloud/documentation/data-storage/ .

2014-08-19 18:49:58.307 NiceWeather[21207:70b] Resetting plugins due to page load.
2014-08-19 18:49:58.364 NiceWeather[21207:70b] Finished load of: file:///Users/alexandernielsen/Library/Application%20Support/iPhone%20Simulator/7.1/Applications/D8E5B9A1-932B-4B9E-B59B-9FD3EA5ECE0F/NiceWeather.app/www/index.html
